<?xml version="1.0" encoding="UTF-8"?>
<!-- Generated by org.testng.reporters.JUnitReportReporter -->
<testsuite hostname="7JP2SJ2" name="com.experitest.auto.AndroidDemoTest" tests="1" failures="0" timestamp="23 Jul 2018 04:39:25 GMT" time="0.029" errors="0">
  <testcase name="test" time="0.029" classname="com.experitest.auto.AndroidDemoTest"/>
</testsuite> <!-- com.experitest.auto.AndroidDemoTest -->
